  [1m[35m (2048.2ms)[0m  [1m[35mCREATE DATABASE "schronisko_development" ENCODING = 'unicode'[0m
  ↳ /usr/local/bundle/bin/rake:23
  [1m[35m (2068.4ms)[0m  [1m[35mCREATE DATABASE "schronisko_test" ENCODING = 'unicode'[0m
  ↳ /usr/local/bundle/bin/rake:23
  [1m[35m (49.3ms)[0m  [1m[35mCREATE TABLE "schema_migrations" ("version" character varying NOT NULL PRIMARY KEY)[0m
  ↳ /usr/local/bundle/bin/rake:23
  [1m[35m (19.5ms)[0m  [1m[35mCREATE TABLE "ar_internal_metadata" ("key" character varying NOT NULL PRIMARY KEY, "value" character varying, "created_at" timestamp NOT NULL, "updated_at" timestamp NOT NULL)[0m
  ↳ /usr/local/bundle/bin/rake:23
  [1m[35m (0.3ms)[0m  [1m[34mSELECT pg_try_advisory_lock(114600966616517955)[0m
  ↳ /usr/local/bundle/bin/rake:23
  [1m[35m (2.1ms)[0m  [1m[34mSELECT "schema_migrations"."version" FROM "schema_migrations" ORDER BY "schema_migrations"."version" ASC[0m
  ↳ /usr/local/bundle/bin/rake:23
Migrating to CreateVolonteers (20201130140823)
  [1m[35m (0.2ms)[0m  [1m[35mBEGIN[0m
  ↳ /usr/local/bundle/bin/rake:23
  [1m[35m (0.2ms)[0m  [1m[31mROLLBACK[0m
  ↳ /usr/local/bundle/bin/rake:23
  [1m[35m (0.4ms)[0m  [1m[34mSELECT pg_advisory_unlock(114600966616517955)[0m
  ↳ /usr/local/bundle/bin/rake:23
  [1m[35m (0.2ms)[0m  [1m[34mSELECT pg_try_advisory_lock(114600966616517955)[0m
  ↳ /usr/local/bundle/bin/rake:23
  [1m[35m (1.6ms)[0m  [1m[34mSELECT "schema_migrations"."version" FROM "schema_migrations" ORDER BY "schema_migrations"."version" ASC[0m
  ↳ /usr/local/bundle/bin/rake:23
Migrating to CreateVolonteers (20201130141307)
  [1m[35m (0.2ms)[0m  [1m[35mBEGIN[0m
  ↳ /usr/local/bundle/bin/rake:23
  [1m[35m (37.5ms)[0m  [1m[35mCREATE TABLE "volonteers" ("id" bigserial primary key, "name" character varying, "created_at" timestamp NOT NULL, "updated_at" timestamp NOT NULL)[0m
  ↳ db/migrate/20201130141307_create_volonteers.rb:3
  [1m[36mActiveRecord::SchemaMigration Create (1.4ms)[0m  [1m[32mINSERT INTO "schema_migrations" ("version") VALUES ($1) RETURNING "version"[0m  [["version", "20201130141307"]]
  ↳ /usr/local/bundle/bin/rake:23
  [1m[35m (1.6ms)[0m  [1m[35mCOMMIT[0m
  ↳ /usr/local/bundle/bin/rake:23
  [1m[36mActiveRecord::InternalMetadata Load (2.7ms)[0m  [1m[34mSELECT  "ar_internal_metadata".* FROM "ar_internal_metadata" WHERE "ar_internal_metadata"."key" = $1 LIMIT $2[0m  [["key", "environment"], ["LIMIT", 1]]
  ↳ /usr/local/bundle/bin/rake:23
  [1m[35m (0.2ms)[0m  [1m[35mBEGIN[0m
  ↳ /usr/local/bundle/bin/rake:23
  [1m[36mActiveRecord::InternalMetadata Create (1.4ms)[0m  [1m[32mINSERT INTO "ar_internal_metadata" ("key", "value", "created_at", "updated_at") VALUES ($1, $2, $3, $4) RETURNING "key"[0m  [["key", "environment"], ["value", "development"], ["created_at", "2020-11-30 14:14:17.075699"], ["updated_at", "2020-11-30 14:14:17.075699"]]
  ↳ /usr/local/bundle/bin/rake:23
  [1m[35m (1.2ms)[0m  [1m[35mCOMMIT[0m
  ↳ /usr/local/bundle/bin/rake:23
  [1m[35m (0.3ms)[0m  [1m[34mSELECT pg_advisory_unlock(114600966616517955)[0m
  ↳ /usr/local/bundle/bin/rake:23
  [1m[35m (0.4ms)[0m  [1m[34mSELECT "schema_migrations"."version" FROM "schema_migrations" ORDER BY "schema_migrations"."version" ASC[0m
  ↳ /usr/local/bundle/bin/rake:23
  [1m[35m (0.4ms)[0m  [1m[34mSELECT pg_try_advisory_lock(114600966616517955)[0m
  ↳ /usr/local/bundle/bin/rake:23
  [1m[35m (2.8ms)[0m  [1m[34mSELECT "schema_migrations"."version" FROM "schema_migrations" ORDER BY "schema_migrations"."version" ASC[0m
  ↳ /usr/local/bundle/bin/rake:23
Migrating to CreateEmployees (20201130141611)
  [1m[35m (0.3ms)[0m  [1m[35mBEGIN[0m
  ↳ /usr/local/bundle/bin/rake:23
  [1m[35m (35.0ms)[0m  [1m[35mCREATE TABLE "employees" ("id" bigserial primary key, "name" character varying, "created_at" timestamp NOT NULL, "updated_at" timestamp NOT NULL)[0m
  ↳ db/migrate/20201130141611_create_employees.rb:3
  [1m[36mActiveRecord::SchemaMigration Create (0.7ms)[0m  [1m[32mINSERT INTO "schema_migrations" ("version") VALUES ($1) RETURNING "version"[0m  [["version", "20201130141611"]]
  ↳ /usr/local/bundle/bin/rake:23
  [1m[35m (2.2ms)[0m  [1m[35mCOMMIT[0m
  ↳ /usr/local/bundle/bin/rake:23
Migrating to CreateCouriers (20201130141638)
  [1m[35m (0.8ms)[0m  [1m[35mBEGIN[0m
  ↳ /usr/local/bundle/bin/rake:23
  [1m[35m (20.6ms)[0m  [1m[35mCREATE TABLE "couriers" ("id" bigserial primary key, "name" character varying, "created_at" timestamp NOT NULL, "updated_at" timestamp NOT NULL)[0m
  ↳ db/migrate/20201130141638_create_couriers.rb:3
  [1m[36mActiveRecord::SchemaMigration Create (1.3ms)[0m  [1m[32mINSERT INTO "schema_migrations" ("version") VALUES ($1) RETURNING "version"[0m  [["version", "20201130141638"]]
  ↳ /usr/local/bundle/bin/rake:23
  [1m[35m (1.1ms)[0m  [1m[35mCOMMIT[0m
  ↳ /usr/local/bundle/bin/rake:23
Migrating to CreateProducts (20201130141659)
  [1m[35m (0.7ms)[0m  [1m[35mBEGIN[0m
  ↳ /usr/local/bundle/bin/rake:23
  [1m[35m (19.6ms)[0m  [1m[35mCREATE TABLE "products" ("id" bigserial primary key, "name" character varying, "created_at" timestamp NOT NULL, "updated_at" timestamp NOT NULL)[0m
  ↳ db/migrate/20201130141659_create_products.rb:3
  [1m[36mActiveRecord::SchemaMigration Create (0.3ms)[0m  [1m[32mINSERT INTO "schema_migrations" ("version") VALUES ($1) RETURNING "version"[0m  [["version", "20201130141659"]]
  ↳ /usr/local/bundle/bin/rake:23
  [1m[35m (1.1ms)[0m  [1m[35mCOMMIT[0m
  ↳ /usr/local/bundle/bin/rake:23
Migrating to CreateOrders (20201130141737)
  [1m[35m (0.7ms)[0m  [1m[35mBEGIN[0m
  ↳ /usr/local/bundle/bin/rake:23
  [1m[35m (12.7ms)[0m  [1m[35mCREATE TABLE "orders" ("id" bigserial primary key, "value" float, "created_at" timestamp NOT NULL, "updated_at" timestamp NOT NULL)[0m
  ↳ db/migrate/20201130141737_create_orders.rb:3
  [1m[36mActiveRecord::SchemaMigration Create (0.4ms)[0m  [1m[32mINSERT INTO "schema_migrations" ("version") VALUES ($1) RETURNING "version"[0m  [["version", "20201130141737"]]
  ↳ /usr/local/bundle/bin/rake:23
  [1m[35m (0.9ms)[0m  [1m[35mCOMMIT[0m
  ↳ /usr/local/bundle/bin/rake:23
Migrating to CreateClassVariables (20201130141909)
  [1m[35m (0.7ms)[0m  [1m[35mBEGIN[0m
  ↳ /usr/local/bundle/bin/rake:23
  [1m[35m (11.0ms)[0m  [1m[35mCREATE TABLE "class_variables" ("id" bigserial primary key, "orders_number" integer, "created_at" timestamp NOT NULL, "updated_at" timestamp NOT NULL)[0m
  ↳ db/migrate/20201130141909_create_class_variables.rb:3
  [1m[36mActiveRecord::SchemaMigration Create (0.5ms)[0m  [1m[32mINSERT INTO "schema_migrations" ("version") VALUES ($1) RETURNING "version"[0m  [["version", "20201130141909"]]
  ↳ /usr/local/bundle/bin/rake:23
  [1m[35m (1.2ms)[0m  [1m[35mCOMMIT[0m
  ↳ /usr/local/bundle/bin/rake:23
  [1m[36mActiveRecord::InternalMetadata Load (1.7ms)[0m  [1m[34mSELECT  "ar_internal_metadata".* FROM "ar_internal_metadata" WHERE "ar_internal_metadata"."key" = $1 LIMIT $2[0m  [["key", "environment"], ["LIMIT", 1]]
  ↳ /usr/local/bundle/bin/rake:23
  [1m[35m (0.2ms)[0m  [1m[35mBEGIN[0m
  ↳ /usr/local/bundle/bin/rake:23
  [1m[35m (0.2ms)[0m  [1m[35mCOMMIT[0m
  ↳ /usr/local/bundle/bin/rake:23
  [1m[35m (0.2ms)[0m  [1m[34mSELECT pg_advisory_unlock(114600966616517955)[0m
  ↳ /usr/local/bundle/bin/rake:23
  [1m[35m (0.3ms)[0m  [1m[34mSELECT "schema_migrations"."version" FROM "schema_migrations" ORDER BY "schema_migrations"."version" ASC[0m
  ↳ /usr/local/bundle/bin/rake:23
  [1m[35m (0.2ms)[0m  [1m[34mSELECT pg_try_advisory_lock(114600966616517955)[0m
  ↳ /usr/local/bundle/bin/rake:23
  [1m[35m (1.9ms)[0m  [1m[34mSELECT "schema_migrations"."version" FROM "schema_migrations" ORDER BY "schema_migrations"."version" ASC[0m
  ↳ /usr/local/bundle/bin/rake:23
Migrating to CreateProductToOrders (20201130142325)
  [1m[35m (0.2ms)[0m  [1m[35mBEGIN[0m
  ↳ /usr/local/bundle/bin/rake:23
  [1m[35m (18.9ms)[0m  [1m[35mCREATE TABLE "product_to_orders" ("id" bigserial primary key, "created_at" timestamp NOT NULL, "updated_at" timestamp NOT NULL)[0m
  ↳ db/migrate/20201130142325_create_product_to_orders.rb:3
  [1m[36mActiveRecord::SchemaMigration Create (0.7ms)[0m  [1m[32mINSERT INTO "schema_migrations" ("version") VALUES ($1) RETURNING "version"[0m  [["version", "20201130142325"]]
  ↳ /usr/local/bundle/bin/rake:23
  [1m[35m (2.8ms)[0m  [1m[35mCOMMIT[0m
  ↳ /usr/local/bundle/bin/rake:23
  [1m[36mActiveRecord::InternalMetadata Load (2.3ms)[0m  [1m[34mSELECT  "ar_internal_metadata".* FROM "ar_internal_metadata" WHERE "ar_internal_metadata"."key" = $1 LIMIT $2[0m  [["key", "environment"], ["LIMIT", 1]]
  ↳ /usr/local/bundle/bin/rake:23
  [1m[35m (0.2ms)[0m  [1m[35mBEGIN[0m
  ↳ /usr/local/bundle/bin/rake:23
  [1m[35m (0.1ms)[0m  [1m[35mCOMMIT[0m
  ↳ /usr/local/bundle/bin/rake:23
  [1m[35m (0.2ms)[0m  [1m[34mSELECT pg_advisory_unlock(114600966616517955)[0m
  ↳ /usr/local/bundle/bin/rake:23
  [1m[35m (0.5ms)[0m  [1m[34mSELECT "schema_migrations"."version" FROM "schema_migrations" ORDER BY "schema_migrations"."version" ASC[0m
  ↳ /usr/local/bundle/bin/rake:23
Started GET "/volonteers" for 172.23.0.1 at 2020-11-30 14:26:01 +0000
Cannot render console from 172.23.0.1! Allowed networks: 127.0.0.1, ::1, 127.0.0.0/127.255.255.255
  [1m[35m (3.5ms)[0m  [1m[34mSELECT "schema_migrations"."version" FROM "schema_migrations" ORDER BY "schema_migrations"."version" ASC[0m
  ↳ /usr/local/bundle/gems/activerecord-5.2.4.4/lib/active_record/log_subscriber.rb:98
Processing by VolonteersController#index as HTML
  Rendering volonteers/index.html.erb within layouts/application
  [1m[36mVolonteer Load (2.4ms)[0m  [1m[34mSELECT "volonteers".* FROM "volonteers"[0m
  ↳ app/views/volonteers/index.html.erb:14
  Rendered volonteers/index.html.erb within layouts/application (5.7ms)
Completed 200 OK in 4988ms (Views: 4891.3ms | ActiveRecord: 3.2ms)


Started GET "/volonteers/new" for 172.23.0.1 at 2020-11-30 14:26:34 +0000
Cannot render console from 172.23.0.1! Allowed networks: 127.0.0.1, ::1, 127.0.0.0/127.255.255.255
Processing by VolonteersController#new as HTML
  Rendering volonteers/new.html.erb within layouts/application
  Rendered volonteers/_form.html.erb (147.5ms)
  Rendered volonteers/new.html.erb within layouts/application (213.1ms)
Completed 200 OK in 997ms (Views: 921.3ms | ActiveRecord: 4.1ms)


Started GET "/volonteers/new" for 172.23.0.1 at 2020-11-30 14:26:48 +0000
Cannot render console from 172.23.0.1! Allowed networks: 127.0.0.1, ::1, 127.0.0.0/127.255.255.255
Processing by VolonteersController#new as HTML
  Rendering volonteers/new.html.erb within layouts/application
  Rendered volonteers/_form.html.erb (1.3ms)
  Rendered volonteers/new.html.erb within layouts/application (60.7ms)
Completed 200 OK in 786ms (Views: 727.5ms | ActiveRecord: 0.0ms)


Started GET "/volonteers" for 172.23.0.1 at 2020-11-30 14:26:51 +0000
Cannot render console from 172.23.0.1! Allowed networks: 127.0.0.1, ::1, 127.0.0.0/127.255.255.255
Processing by VolonteersController#index as HTML
  Rendering volonteers/index.html.erb within layouts/application
  [1m[36mVolonteer Load (0.4ms)[0m  [1m[34mSELECT "volonteers".* FROM "volonteers"[0m
  ↳ app/views/volonteers/index.html.erb:14
  Rendered volonteers/index.html.erb within layouts/application (2.2ms)
Completed 200 OK in 723ms (Views: 643.2ms | ActiveRecord: 0.4ms)


